2025-07-06T10:00:00.000Z: Werenoi  - Missing from production database
2025-07-06T10:00:00.000Z: Angel Haze - Missing from production database
2025-07-06T10:00:00.000Z: Cash Cobain - Missing from production database
2025-07-06T10:00:00.000Z: Willy Northpole - Missing from production database
2025-07-06T10:00:00.000Z: Canserbero - Missing from production database
2025-07-06T10:00:00.000Z: 1PLIKE140 - Missing from production database
2025-07-06T10:00:00.000Z: Burna Boy - Missing from production database
2025-07-06T10:00:00.000Z: Leila K - Missing from production database
2025-07-06T10:00:00.000Z: Dr. Alban - Missing from production database
2025-07-06T10:00:00.000Z: seiji oda - Missing from production database
2025-07-06T10:00:00.000Z: Mistah F.A.B. - Missing from production database
2025-07-06T10:00:00.000Z: Demon One - Missing from production database
2025-07-06T10:00:00.000Z: Intouchable - Missing from production database
2025-07-06T10:00:00.000Z: The Alchemist  - Missing from production database
2025-07-06T10:00:00.000Z: MAVI - Missing from production database
2025-07-06T10:00:00.000Z: Don Cannon  - Missing from production database
2025-07-06T10:00:00.000Z: That Mexican OT - Missing from production database
2025-07-06T10:00:00.000Z: Eladio Carrión  - Missing from production database
2025-07-06T10:00:00.000Z: BabyTron - Missing from production database
2025-07-06T10:00:00.000Z: Morray - Missing from production database
2025-07-06T10:00:00.000Z: Christ dillinger - Missing from production database
2025-07-06T10:00:00.000Z: Leh - Missing from production database
2025-07-06T10:00:00.000Z: Smino - Missing from production database
2025-07-06T10:00:00.000Z: Mind da Gap - Missing from production database
2025-07-06T10:00:00.000Z: Dealema  - Missing from production database
2025-07-06T10:00:00.000Z: Messy Marv - Missing from production database
2025-07-06T10:00:00.000Z: Big Sad 1900 - Missing from production database
2025-07-06T10:00:00.000Z: Ice Spice - Missing from production database
2025-07-06T10:00:00.000Z: Souffrance - Missing from production database
2025-07-06T10:00:00.000Z: Larry (Strasbourg) - Missing from production database
2025-07-06T10:00:00.000Z: KIK - Missing from production database
2025-07-06T10:00:00.000Z: Sexyy Red - Missing from production database
2025-07-06T10:00:00.000Z: Doughboyz cashout - Missing from production database
2025-07-06T10:00:00.000Z: MC Shan - Missing from production database
2025-07-06T10:00:00.000Z: Doe Boy - Missing from production database
2025-07-06T10:00:00.000Z: DJ Yung Vamp - Missing from production database
2025-07-06T10:00:00.000Z: DJ Smokey - Missing from production database
2025-07-06T10:00:00.000Z: Jay Polly - Missing from production database
2025-07-06T10:00:00.000Z: Quando Rondo - Missing from production database
2025-07-06T10:00:00.000Z: Lil Cali - Missing from production database
2025-07-06T10:00:00.000Z: Smif-N-Wessun - Missing from production database
2025-07-06T10:00:00.000Z: R3 Da Chilliman - Missing from production database
2025-07-06T10:00:00.000Z: MoneySign Suede - Missing from production database
2025-07-06T10:00:00.000Z:  Stoneda5th - Missing from production database
2025-07-06T10:00:00.000Z: Wizz Havinn - Missing from production database
2025-07-06T10:00:00.000Z: Valee - Missing from production database
2025-07-06T10:00:00.000Z: Hoodrich Pablo Juan - Missing from production database
2025-07-06T10:00:00.000Z: OG Keemo - Missing from production database
2025-07-06T10:00:00.000Z: Advanced Chemistry - Missing from production database
2025-07-06T10:00:00.000Z: Bosh - Missing from production database
2025-07-06T10:00:00.000Z: Le Juiice - Missing from production database
2025-07-06T10:00:00.000Z: Big Pokey - Missing from production database
2025-07-06T10:00:00.000Z: Tha Worst Kingz - Missing from production database
2025-07-06T10:00:00.000Z: Mac - Missing from production database
2025-07-06T10:00:00.000Z: La Fève - Missing from production database
2025-07-06T10:00:00.000Z: Zamdane - Missing from production database
2025-07-06T10:00:00.000Z: Ashe22 - Missing from production database
2025-07-06T10:00:00.000Z: Tedax Max - Missing from production database
2025-07-06T10:00:00.000Z: Highway - Missing from production database
2025-07-06T10:00:00.000Z: Luh tyler - Missing from production database
2025-07-06T10:00:00.000Z: Aya Nakamura - Missing from production database
2025-07-06T10:00:00.000Z: Roedel - Missing from production database
2025-07-06T10:00:00.000Z: Luie Louis - Missing from production database
2025-07-06T10:00:00.000Z: Kerchak  - Missing from production database
2025-07-06T10:00:00.000Z: Young Slo be - Missing from production database
2025-07-06T10:00:00.000Z: Blu Samu - Missing from production database
2025-07-06T10:00:00.000Z: Peet - Missing from production database
2025-07-06T10:00:00.000Z: Le 77 - Missing from production database
2025-07-06T10:00:00.000Z: OKI - Missing from production database
2025-07-06T10:00:00.000Z: Rx Papi - Missing from production database
2025-07-06T10:00:00.000Z: Young Nudy - Missing from production database
2025-07-06T10:00:00.000Z: RXK Nephew - Missing from production database
2025-07-06T10:00:00.000Z: Rio Da Young Og - Missing from production database
2025-07-06T10:00:00.000Z: Bandgang Lonnie Bands - Missing from production database
2025-07-06T10:00:00.000Z: Art Melody - Missing from production database
2025-07-06T10:00:00.000Z: Ka - Missing from production database
2025-07-06T10:00:00.000Z: Benny the Butcher - Missing from production database
2025-07-06T10:00:00.000Z: Joe Blow - Missing from production database
2025-07-06T10:00:00.000Z: Central Cee - Missing from production database
2025-07-06T10:00:00.000Z: LMC Click - Missing from production database
2025-07-06T10:00:00.000Z: Brotha Lynch Hung - Missing from production database
2025-07-06T10:00:00.000Z: Karima - Missing from production database
2025-07-06T10:00:00.000Z: Meryl - Missing from production database
2025-07-06T10:00:00.000Z: Mc Kato - Missing from production database
2025-07-06T10:00:00.000Z: Boldy James - Missing from production database
2025-07-06T10:00:00.000Z: Tymon Smektała - Missing from production database
2025-07-06T10:00:00.000Z: Kid Frost - Missing from production database
2025-07-06T10:00:00.000Z: Maahlox - Missing from production database
2025-07-06T10:00:00.000Z: Kreayshawn - Missing from production database
2025-07-06T10:00:00.000Z: BEN plg  - Missing from production database
2025-07-06T10:00:00.000Z: Insane Clown Posse - Missing from production database
2025-07-06T10:00:00.000Z: Bubba Sparxxx - Missing from production database
2025-07-06T10:00:00.000Z: Eve - Missing from production database
2025-07-06T10:00:00.000Z: Remy Ma - Missing from production database
2025-07-06T10:00:00.000Z: Alligatoah - Missing from production database
2025-07-06T10:00:00.000Z: Marteria - Missing from production database
2025-07-06T10:00:00.000Z: Blumentopf - Missing from production database
2025-07-06T10:00:00.000Z: Népal - Missing from production database
2025-07-06T10:00:00.000Z: Big Floyd - Missing from production database
2025-07-06T10:00:00.000Z: Obie Trice - Missing from production database
2025-07-06T10:00:00.000Z: Webbie - Missing from production database
2025-07-06T10:00:00.000Z: Antipode - Missing from production database
2025-07-06T10:00:00.000Z: Berner - Missing from production database
2025-07-06T10:00:00.000Z: Westside Gunn - Missing from production database
2025-07-06T10:00:00.000Z: Da Uzi - Missing from production database
2025-07-06T10:00:00.000Z: King Von - Missing from production database
2025-07-06T10:00:00.000Z: OMB Peezy - Missing from production database
2025-07-06T10:00:00.000Z: Larry June - Missing from production database
2025-07-06T10:00:00.000Z: Sauce Walka - Missing from production database
2025-07-06T10:00:00.000Z: Lil Pete - Missing from production database
2025-07-06T10:00:00.000Z: SOB X RBE - Missing from production database
2025-07-06T10:00:00.000Z: Sazamyzy and Hype - Missing from production database
2025-07-06T10:00:00.000Z: JPEGMAFIA  - Missing from production database
2025-07-06T10:00:00.000Z: Megan Thee Stallion - Missing from production database
2025-07-06T10:00:00.000Z: Futuristic - Missing from production database
2025-07-06T10:00:00.000Z: Souls of Mischief - Missing from production database
2025-07-06T10:00:00.000Z: Lionel D - Missing from production database
2025-07-06T10:00:00.000Z: Montana of 300 - Missing from production database
2025-07-06T10:00:00.000Z: City Morgue - Missing from production database
2025-07-06T10:00:00.000Z: Pop Smoke - Missing from production database
2025-07-06T10:00:00.000Z: Ampichino - Missing from production database
2025-07-06T10:00:00.000Z: D'angelo - Missing from production database
2025-07-06T10:00:00.000Z: David Okit - Missing from production database
2025-07-06T10:00:00.000Z: Lil Tecca - Missing from production database
2025-07-06T10:00:00.000Z: AZ - Missing from production database
2025-07-06T10:00:00.000Z: Keak Da Sneak - Missing from production database
2025-07-06T10:00:00.000Z: Rich the factor - Missing from production database
2025-07-06T10:00:00.000Z: Mo B. Dick - Missing from production database
2025-07-06T10:00:00.000Z: Lalcko - Missing from production database
2025-07-06T10:00:00.000Z: Ness & Cité - Missing from production database
2025-07-06T10:00:00.000Z: Bouchées Double - Missing from production database
2025-07-06T10:00:00.000Z: C-loc - Missing from production database
2025-07-06T10:00:00.000Z: Bad Azz - Missing from production database
2025-07-06T10:00:00.000Z: FARS - Missing from production database
2025-07-06T10:00:00.000Z: Green Out - Missing from production database
2025-07-06T10:00:00.000Z: Bad Copy - Missing from production database
2025-07-06T10:00:00.000Z: Young Bleed - Missing from production database
2025-07-06T10:00:00.000Z: NBA Young Boy - Missing from production database
2025-07-06T10:00:00.000Z: Jim Jones - Missing from production database
2025-07-06T10:00:00.000Z: Yowda - Missing from production database
2025-07-06T10:00:00.000Z: Pries - Missing from production database
2025-07-06T10:00:00.000Z: Moss - Missing from production database
2025-07-06T10:00:00.000Z: Maxilla Blue - Missing from production database
2025-07-06T10:00:00.000Z: Dizzy Wright - Missing from production database
2025-07-06T10:00:00.000Z: Kevin Fret - Missing from production database
2025-07-06T10:00:00.000Z: Young Greatness - Missing from production database
2025-07-06T10:00:00.000Z: 3-2 - Missing from production database
2025-07-06T10:00:00.000Z: Chinx - Missing from production database
2025-07-06T10:00:00.000Z: Flabba - Missing from production database
2025-07-06T10:00:00.000Z: Doe B - Missing from production database
2025-07-06T10:00:00.000Z: Depzman - Missing from production database
2025-07-06T10:00:00.000Z: Pavlos Fyssas - Missing from production database
2025-07-06T10:00:00.000Z: MC Daleste - Missing from production database
2025-07-06T10:00:00.000Z: Lil Phat - Missing from production database
2025-07-06T10:00:00.000Z: Adan Zapata - Missing from production database
2025-07-06T10:00:00.000Z: Bad New Brown - Missing from production database
2025-07-06T10:00:00.000Z: Magnolia Shorty - Missing from production database
2025-07-06T10:00:00.000Z: Lele - Missing from production database
2025-07-06T10:00:00.000Z: Dolla - Missing from production database
2025-07-06T10:00:00.000Z: VL Mike - Missing from production database
2025-07-06T10:00:00.000Z: Half a Mill - Missing from production database
2025-07-06T10:00:00.000Z: Camoflauge - Missing from production database
2025-07-06T10:00:00.000Z: Sabotage - Missing from production database
2025-07-06T10:00:00.000Z: Jam Master Jay - Missing from production database
2025-07-06T10:00:00.000Z: Dj Uncle Al - Missing from production database
2025-07-06T10:00:00.000Z: Bugz - Missing from production database
2025-07-06T10:00:00.000Z: Freaky Tah - Missing from production database
2025-07-06T10:00:00.000Z: Yaki Kadafi - Missing from production database
2025-07-06T10:00:00.000Z: Stretch - Missing from production database
2025-07-06T10:00:00.000Z: Charizma - Missing from production database
2025-07-06T10:00:00.000Z: D Boy - Missing from production database
2025-07-06T10:00:00.000Z: Paul C - Missing from production database
2025-07-06T10:00:00.000Z: Scott La Rock - Missing from production database
2025-07-06T10:00:00.000Z: Clipse - Missing from production database
2025-07-06T10:00:00.000Z: Petey Pablo - Missing from production database
2025-07-06T10:00:00.000Z: People Under The Stairs - Missing from production database
2025-07-06T10:00:00.000Z: Raz Simone - Missing from production database
2025-07-06T10:00:00.000Z: Soulking - Missing from production database
2025-07-06T10:00:00.000Z: Kojey Radical - Missing from production database
2025-07-06T10:00:00.000Z: Toot - Missing from production database
2025-07-06T10:00:00.000Z: XV - Missing from production database
2025-07-06T10:00:00.000Z: Rich Boy - Missing from production database
2025-07-06T10:00:00.000Z: Dayton Family - Missing from production database
2025-07-06T10:00:00.000Z: Death Grips - Missing from production database
2025-07-06T10:00:00.000Z: Battlecat - Missing from production database
2025-07-06T10:00:00.000Z: Sister Fa - Missing from production database
2025-07-06T10:00:00.000Z: Lemdi & Moax - Missing from production database
2025-07-06T10:00:00.000Z: Bastos - Missing from production database
2025-07-06T10:00:00.000Z: O'Rosko Raricim - Missing from production database
2025-07-06T10:00:00.000Z: Mystik - Missing from production database
2025-07-06T10:00:00.000Z: Lil Kim - Missing from production database
2025-07-06T10:00:00.000Z: Ciara - Missing from production database
2025-07-06T10:00:00.000Z: Boulox - Missing from production database
2025-07-06T10:00:00.000Z: Sameer Ahmad - Missing from production database
2025-07-06T10:00:00.000Z: Tierra Whack - Missing from production database
2025-07-06T10:00:00.000Z: Lil Baby - Missing from production database
2025-07-06T10:00:00.000Z: Gunna - Missing from production database
2025-07-06T10:00:00.000Z: Bushwick Bill - Missing from production database
2025-07-06T10:00:00.000Z: Pharrell Williams - Missing from production database
2025-07-06T10:00:00.000Z: David Banner - Missing from production database
2025-07-06T10:00:00.000Z: 42 Dugg - Missing from production database
2025-07-06T10:00:00.000Z: Soso Maness - Missing from production database
2025-07-06T10:00:00.000Z: Icewear Vezzo - Missing from production database
2025-07-06T10:00:00.000Z: Blade Icewood - Missing from production database
2025-07-06T10:00:00.000Z: Tee Grizzly - Missing from production database
2025-07-06T10:00:00.000Z: Babyface Ray - Missing from production database
2025-07-06T10:00:00.000Z: Tyga - Missing from production database
2025-07-06T10:00:00.000Z: DaBaby - Missing from production database
2025-07-06T10:00:00.000Z: Md Beddah - Missing from production database
2025-07-06T10:00:00.000Z: Wet Bed Gang - Missing from production database
2025-07-06T10:00:00.000Z: Roxanne Shante - Missing from production database
2025-07-06T10:00:00.000Z: Sada baby - Missing from production database
2025-07-06T10:00:00.000Z: Ms Tee - Missing from production database
2025-07-06T10:00:00.000Z: Varnish La Piscine - Missing from production database
2025-07-06T10:00:00.000Z: Luniz - Missing from production database
2025-07-06T10:00:00.000Z: Da Brat - Missing from production database2025-07-06T10:05:09.827Z: La Fève - Failed query: insert into "artists" ("id", "name", "city", "lat", "lng", "genres", "song_title", "spotify_track_id", "original_image", "small_image", "youtube_url", "instagram_url", "twitter_url", "facebook_url", "youtube_channel_url", "tiktok_url", "prefecture", "bio_summary", "bio_url", "birthdate", "deathdate", "years_active_start", "years_active_end", "created_at", "updated_at") values (default, $1, $2, $3, $4, $5, $6, $7, $8, $9, $10, $11, $12, $13, $14, $15, $16, $17, $18, $19, $20, $21, $22, $23, $24)
params: La Fève,Fontenay-sous-Bois ,48.849157,2.468713,{"producer / dj","rapper"},,,,,https://www.youtube.com/embed/At36RhsstRM,,,,,,Fontenay-sous-Bois ,La Fève, born  Louis Ambroise, is a french rapper et producer of Congolese and Cameroonian origin from Fontenay-sous-Bois. ,https://fr.wikipedia.org/wiki/La_F%C3%A8ve,+020000-06-26T00:00:00.000Z,,2015,,2025-07-06T10:05:09.794Z,2025-07-06T10:05:09.794Z
2025-07-06T10:18:04.304Z: La Fève - Failed query: insert into "artists" ("id", "name", "city", "lat", "lng", "genres", "song_title", "spotify_track_id", "original_image", "small_image", "youtube_url", "instagram_url", "twitter_url", "facebook_url", "youtube_channel_url", "tiktok_url", "prefecture", "bio_summary", "bio_url", "birthdate", "deathdate", "years_active_start", "years_active_end", "created_at", "updated_at") values (default, $1, $2, $3, $4, $5, $6, $7, $8, $9, $10, $11, $12, $13, $14, $15, $16, $17, $18, $19, $20, $21, $22, $23, $24)
params: La Fève,Fontenay-sous-Bois ,48.849157,2.468713,{"producer / dj","rapper"},,,,,https://www.youtube.com/embed/At36RhsstRM,,,,,,Fontenay-sous-Bois ,La Fève, born  Louis Ambroise, is a french rapper et producer of Congolese and Cameroonian origin from Fontenay-sous-Bois. ,https://fr.wikipedia.org/wiki/La_F%C3%A8ve,+020000-06-26T00:00:00.000Z,,2015,,2025-07-06T10:18:04.249Z,2025-07-06T10:18:04.249Z
